1. total size:81222, gzip total:19331, curr size:81222, gzip curr:19331, curr path:Main_Page, curr freq:1021822
2. total size:178942, gzip total:39708, curr size:97720, gzip curr:20377, curr path:-, curr freq:186413
3. total size:565250, gzip total:117076, curr size:386308, gzip curr:77368, curr path:Aaron_Hernandez, curr freq:46580
4. total size:1060751, gzip total:202772, curr size:495501, gzip curr:85696, curr path:Coronavirus, curr freq:32192
5. total size:1501412, gzip total:273921, curr size:440661, gzip curr:71149, curr path:Patrick_Mahomes, curr freq:12895
6. total size:1765924, gzip total:325165, curr size:264512, gzip curr:51244, curr path:1917_(2019_film), curr freq:12579
7. total size:2272055, gzip total:415489, curr size:506131, gzip curr:90324, curr path:Conor_McGregor, curr freq:12328
8. total size:2502020, gzip total:463940, curr size:229965, gzip curr:48451, curr path:Sex_Education_(TV_series), curr freq:12222
9. total size:3446639, gzip total:652412, curr size:944619, gzip curr:188472, curr path:Wikipedia, curr freq:10680
10. total size:4577907, gzip total:871943, curr size:1131268, gzip curr:219531, curr path:Martin_Luther_King_Jr., curr freq:10533
11. total size:4716712, gzip total:901959, curr size:138805, gzip curr:30016, curr path:Delonte_West, curr freq:10330
12. total size:5508868, gzip total:1059717, curr size:792156, gzip curr:157758, curr path:Feminism, curr freq:9288
13. total size:5855497, gzip total:1118528, curr size:346629, gzip curr:58811, curr path:Donald_Cerrone, curr freq:9276
14. total size:5964845, gzip total:1142589, curr size:109348, gzip curr:24061, curr path:Murder_of_Odin_Lloyd, curr freq:9225
15. total size:6222939, gzip total:1200607, curr size:258094, gzip curr:58018, curr path:Anna_May_Wong, curr freq:9206
16. total size:6853635, gzip total:1310993, curr size:630696, gzip curr:110386, curr path:Parasite_(2019_film), curr freq:8983
17. total size:7042241, gzip total:1348262, curr size:188606, gzip curr:37269, curr path:Bad_Boys_for_Life, curr freq:8950
18. total size:7198120, gzip total:1377150, curr size:155879, gzip curr:28888, curr path:UFC_246, curr freq:8807
19. total size:7329232, gzip total:1395603, curr size:131112, gzip curr:18453, curr path:Deaths_in_2020, curr freq:8545
20. total size:7713091, gzip total:1471338, curr size:383859, gzip curr:75735, curr path:Sustainable_energy, curr freq:8302
21. total size:8138264, gzip total:1529963, curr size:425173, gzip curr:58625, curr path:List_of_Super_Bowl_champions, curr freq:8106
22. total size:8412121, gzip total:1578350, curr size:273857, gzip curr:48387, curr path:Tanhaji, curr freq:8009
23. total size:8698674, gzip total:1631630, curr size:286553, gzip curr:53280, curr path:Terry_Jones, curr freq:7907
24. total size:9161281, gzip total:1716032, curr size:462607, gzip curr:84402, curr path:Meghan,_Duchess_of_Sussex, curr freq:7742
25. total size:9758075, gzip total:1828513, curr size:596794, gzip curr:112481, curr path:Elizabeth_II, curr freq:7497
26. total size:10347671, gzip total:1934621, curr size:589596, gzip curr:106108, curr path:Prince_Harry,_Duke_of_Sussex, curr freq:6597
27. total size:10633023, gzip total:1983142, curr size:285352, gzip curr:48521, curr path:Andy_Reid, curr freq:6573
28. total size:10680556, gzip total:1995724, curr size:47533, gzip curr:12582, curr path:Media, curr freq:6561
29. total size:11333086, gzip total:2099667, curr size:652530, gzip curr:103943, curr path:Crisis_on_Infinite_Earths_(Arrowverse), curr freq:6491
30. total size:11598069, gzip total:2144938, curr size:264983, gzip curr:45271, curr path:Jimmy_Garoppolo, curr freq:6491
31. total size:12161452, gzip total:2246331, curr size:563383, gzip curr:101393, curr path:Joker_(2019_film), curr freq:6442
32. total size:12217192, gzip total:2260099, curr size:55740, gzip curr:13768, curr path:MBC_2_(Middle_East_and_North_Africa), curr freq:6339
33. total size:13926823, gzip total:2565613, curr size:1709631, gzip curr:305514, curr path:2019–20_outbreak_of_novel_coronavirus_(2019-nCoV), curr freq:6129
34. total size:14519417, gzip total:2669982, curr size:592594, gzip curr:104369, curr path:Kansas_City_Chiefs, curr freq:5904
35. total size:14738754, gzip total:2712532, curr size:219337, gzip curr:42550, curr path:Royal_Rumble_(2020), curr freq:5821
36. total size:15014657, gzip total:2764257, curr size:275903, gzip curr:51725, curr path:Luka_Magnotta, curr freq:5784
37. total size:15473485, gzip total:2847366, curr size:458828, gzip curr:83109, curr path:Jennifer_Aniston, curr freq:5687
38. total size:15775776, gzip total:2905136, curr size:302291, gzip curr:57770, curr path:The_Witcher_(TV_series), curr freq:5663
39. total size:16100466, gzip total:2958385, curr size:324690, gzip curr:53249, curr path:Music_to_Be_Murdered_By, curr freq:5314
40. total size:16283089, gzip total:2991868, curr size:182623, gzip curr:33483, curr path:Raheem_Mostert, curr freq:5235
41. total size:16979230, gzip total:3108580, curr size:696141, gzip curr:116712, curr path:Brad_Pitt, curr freq:5191
42. total size:17467403, gzip total:3211834, curr size:488173, gzip curr:103254, curr path:Subhas_Chandra_Bose, curr freq:5162
43. total size:18384670, gzip total:3351325, curr size:917267, gzip curr:139491, curr path:Aaron_Rodgers, curr freq:5090
44. total size:19020825, gzip total:3465166, curr size:636155, gzip curr:113841, curr path:Once_Upon_a_Time_in_Hollywood, curr freq:5014
45. total size:19181079, gzip total:3500023, curr size:160254, gzip curr:34857, curr path:Dolittle_(film), curr freq:4774
46. total size:19527871, gzip total:3566323, curr size:346792, gzip curr:66300, curr path:Severe_acute_respiratory_syndrome, curr freq:4752
47. total size:20281517, gzip total:3703911, curr size:753646, gzip curr:137588, curr path:Charles,_Prince_of_Wales, curr freq:4741
48. total size:20593294, gzip total:3759634, curr size:311777, gzip curr:55723, curr path:Star_Trek:_Picard, curr freq:4660
49. total size:21205594, gzip total:3878421, curr size:612300, gzip curr:118787, curr path:Brooklyn, curr freq:4514
50. total size:21599243, gzip total:3956602, curr size:393649, gzip curr:78181, curr path:Princess_Margaret,_Countess_of_Snowdon, curr freq:4344
51. total size:21663635, gzip total:3972540, curr size:64392, gzip curr:15938, curr path:Emma_Mackey, curr freq:4338
52. total size:22203455, gzip total:4070972, curr size:539820, gzip curr:98432, curr path:Prince_Philip,_Duke_of_Edinburgh, curr freq:4236
53. total size:22746936, gzip total:4162010, curr size:543481, gzip curr:91038, curr path:Joaquin_Phoenix, curr freq:4235
54. total size:22964638, gzip total:4205888, curr size:217702, gzip curr:43878, curr path:The_Outsider_(miniseries), curr freq:4116
55. total size:23317453, gzip total:4268878, curr size:352815, gzip curr:62990, curr path:BBC_World_Service, curr freq:4098
56. total size:24349580, gzip total:4466016, curr size:1032127, gzip curr:197138, curr path:Eminem, curr freq:4090
57. total size:25068737, gzip total:4583984, curr size:719157, gzip curr:117968, curr path:Novel_coronavirus_(2019-nCoV), curr freq:4063
58. total size:25167463, gzip total:4607937, curr size:98726, gzip curr:23953, curr path:Kepler's_Supernova, curr freq:4054
59. total size:25566871, gzip total:4681146, curr size:399408, gzip curr:73209, curr path:Khabib_Nurmagomedov, curr freq:4014
60. total size:26199935, gzip total:4793178, curr size:633064, gzip curr:112032, curr path:Tim_Tebow, curr freq:4013
61. total size:26425264, gzip total:4841423, curr size:225329, gzip curr:48245, curr path:Martin_Luther_King_Jr._Day, curr freq:3986
62. total size:27044065, gzip total:4956696, curr size:618801, gzip curr:115273, curr path:San_Francisco_49ers, curr freq:3971
63. total size:27521742, gzip total:5032809, curr size:477677, gzip curr:76113, curr path:Adam_Schiff, curr freq:3954
64. total size:27948831, gzip total:5108784, curr size:427089, gzip curr:75975, curr path:You_(TV_series), curr freq:3894
65. total size:28432078, gzip total:5190753, curr size:483247, gzip curr:81969, curr path:Star_Wars:_The_Rise_of_Skywalker, curr freq:3868
66. total size:28998814, gzip total:5291514, curr size:566736, gzip curr:100761, curr path:Terminator:_Dark_Fate, curr freq:3860
67. total size:29932064, gzip total:5459606, curr size:933250, gzip curr:168092, curr path:Wuhan, curr freq:3809
68. total size:29964855, gzip total:5468904, curr size:32791, gzip curr:9298, curr path:XXXX, curr freq:3785
69. total size:30245143, gzip total:5522665, curr size:280288, gzip curr:53761, curr path:Jimmy_Hoffa, curr freq:3778
70. total size:30620278, gzip total:5592357, curr size:375135, gzip curr:69692, curr path:Super_Bowl_LIV, curr freq:3750
71. total size:30730125, gzip total:5617020, curr size:109847, gzip curr:24663, curr path:Annabella_Sciorra, curr freq:3732
72. total size:30995543, gzip total:5662307, curr size:265418, gzip curr:45287, curr path:Ala_Vaikunthapurramuloo, curr freq:3700
73. total size:31058502, gzip total:5678389, curr size:62959, gzip curr:16082, curr path:Blue_Monday_(date), curr freq:3695
74. total size:31418717, gzip total:5717787, curr size:360215, gzip curr:39398, curr path:2020_Australian_Open, curr freq:3656
75. total size:31874006, gzip total:5804108, curr size:455289, gzip curr:86321, curr path:The_Irishman, curr freq:3652
76. total size:32232128, gzip total:5873291, curr size:358122, gzip curr:69183, curr path:Betty_White, curr freq:3651
77. total size:33928182, gzip total:6179611, curr size:1696054, gzip curr:306320, curr path:Donald_Trump, curr freq:3576
78. total size:34315497, gzip total:6258139, curr size:387315, gzip curr:78528, curr path:Super_Bowl, curr freq:3529
79. total size:35299260, gzip total:6432124, curr size:983763, gzip curr:173985, curr path:Diana,_Princess_of_Wales, curr freq:3490
80. total size:36670027, gzip total:6687060, curr size:1370767, gzip curr:254936, curr path:United_States, curr freq:3479
81. total size:36806498, gzip total:6715958, curr size:136471, gzip curr:28898, curr path:Asa_Butterfield, curr freq:3345
82. total size:36930346, gzip total:6746835, curr size:123848, gzip curr:30877, curr path:Stephen_Ward, curr freq:3337
83. total size:37498114, gzip total:6845722, curr size:567768, gzip curr:98887, curr path:Billie_Eilish, curr freq:3333
84. total size:37790884, gzip total:6900802, curr size:292770, gzip curr:55080, curr path:92nd_Academy_Awards, curr freq:3322
85. total size:38090987, gzip total:6954818, curr size:300103, gzip curr:54016, curr path:Little_Women_(2019_film), curr freq:3321
86. total size:38155283, gzip total:6970593, curr size:64296, gzip curr:15775, curr path:Pat_Mahomes, curr freq:3309
87. total size:38277654, gzip total:6995907, curr size:122371, gzip curr:25314, curr path:Apple_Network_Server, curr freq:3274
88. total size:38749445, gzip total:7082787, curr size:471791, gzip curr:86880, curr path:Gillian_Anderson, curr freq:3220
89. total size:38832793, gzip total:7101418, curr size:83348, gzip curr:18631, curr path:Tanaji_Malusare, curr freq:3200
90. total size:39801351, gzip total:7260996, curr size:968558, gzip curr:159578, curr path:Periodic_table, curr freq:3193
91. total size:40261326, gzip total:7349211, curr size:459975, gzip curr:88215, curr path:Edward_VIII, curr freq:3187
92. total size:40587474, gzip total:7421814, curr size:326148, gzip curr:72603, curr path:White_House_Farm_murders, curr freq:3178
93. total size:40721689, gzip total:7449148, curr size:134215, gzip curr:27334, curr path:Kyle_Shanahan, curr freq:3177
94. total size:41089895, gzip total:7523108, curr size:368206, gzip curr:73960, curr path:Jojo_Rabbit, curr freq:3144
95. total size:41714974, gzip total:7651312, curr size:625079, gzip curr:128204, curr path:Nikola_Tesla, curr freq:3120
96. total size:41941293, gzip total:7697256, curr size:226319, gzip curr:45944, curr path:Chronic_traumatic_encephalopathy, curr freq:3104
97. total size:42677200, gzip total:7826455, curr size:735907, gzip curr:129199, curr path:Elon_Musk, curr freq:3097
98. total size:42885239, gzip total:7877187, curr size:208039, gzip curr:50732, curr path:Sharon_Tate, curr freq:3092
99. total size:43084409, gzip total:7914391, curr size:199170, gzip curr:37204, curr path:Laurence_Fox, curr freq:3053
100. total size:44793868, gzip total:8219842, curr size:1709459, gzip curr:305451, curr path:2019–20_Wuhan_coronavirus_outbreak, curr freq:3035
101. total size:45354241, gzip total:8337505, curr size:560373, gzip curr:117663, curr path:Judy_Garland, curr freq:3024
102. total size:45426783, gzip total:8356092, curr size:72542, gzip curr:18587, curr path:A_Fall_from_Grace, curr freq:3007
103. total size:46091132, gzip total:8474048, curr size:664349, gzip curr:117956, curr path:Jeff_Bezos, curr freq:2989
104. total size:46223676, gzip total:8502069, curr size:132544, gzip curr:28021, curr path:123Movies, curr freq:2986
105. total size:46381622, gzip total:8533198, curr size:157946, gzip curr:31129, curr path:Ken_Miles, curr freq:2986
106. total size:46657182, gzip total:8580979, curr size:275560, gzip curr:47781, curr path:Adam_Driver, curr freq:2979
107. total size:47495499, gzip total:8718927, curr size:838317, gzip curr:137948, curr path:Dwayne_Johnson, curr freq:2964
108. total size:47819898, gzip total:8783871, curr size:324399, gzip curr:64944, curr path:George_VI, curr freq:2951
109. total size:49034467, gzip total:9027659, curr size:1214569, gzip curr:243788, curr path:World_War_I, curr freq:2944
110. total size:49126708, gzip total:9048635, curr size:92241, gzip curr:20976, curr path:The_Outsider_(King_novel), curr freq:2885
111. total size:49510920, gzip total:9124547, curr size:384212, gzip curr:75912, curr path:Patrick_Stewart, curr freq:2875
112. total size:49783067, gzip total:9175126, curr size:272147, gzip curr:50579, curr path:Erling_Braut_Håland, curr freq:2861
113. total size:50494920, gzip total:9221208, curr size:711853, gzip curr:46082, curr path:2020_Australian_Open_–_Men's_Singles, curr freq:2837
114. total size:50871558, gzip total:9297252, curr size:376638, gzip curr:76044, curr path:Ted_Kaczynski, curr freq:2830
115. total size:51123394, gzip total:9344414, curr size:251836, gzip curr:47162, curr path:Mac_Miller, curr freq:2816
116. total size:51629035, gzip total:9452185, curr size:505641, gzip curr:107771, curr path:Monty_Python, curr freq:2810
117. total size:51860932, gzip total:9491592, curr size:231897, gzip curr:39407, curr path:Jorge_Masvidal, curr freq:2786
118. total size:52313064, gzip total:9569096, curr size:452132, gzip curr:77504, curr path:The_Mandalorian, curr freq:2725
119. total size:52437189, gzip total:9598757, curr size:124125, gzip curr:29661, curr path:Republic_Day_(India), curr freq:2708
120. total size:52667213, gzip total:9642543, curr size:230024, gzip curr:43786, curr path:Henry_Cavill, curr freq:2684
121. total size:52800474, gzip total:9671495, curr size:133261, gzip curr:28952, curr path:Isabel_dos_Santos, curr freq:2682
122. total size:53942232, gzip total:9876964, curr size:1141758, gzip curr:205469, curr path:YouTube, curr freq:2664
123. total size:54502946, gzip total:9988923, curr size:560714, gzip curr:111959, curr path:Chinese_New_Year, curr freq:2637
124. total size:54559403, gzip total:10003202, curr size:56457, gzip curr:14279, curr path:Connor_Swindells, curr freq:2620
125. total size:54624668, gzip total:10018869, curr size:65265, gzip curr:15667, curr path:Aimee_Lou_Wood, curr freq:2615
126. total size:54858341, gzip total:10061448, curr size:233673, gzip curr:42579, curr path:Rocky_Johnson, curr freq:2604
127. total size:55083725, gzip total:10102672, curr size:225384, gzip curr:41224, curr path:Bombshell_(2019_film), curr freq:2603
128. total size:55202680, gzip total:10129492, curr size:118955, gzip curr:26820, curr path:Chhapaak, curr freq:2599
129. total size:55334066, gzip total:10158278, curr size:131386, gzip curr:28786, curr path:You_(season_2), curr freq:2597
130. total size:55738406, gzip total:10223485, curr size:404340, gzip curr:65207, curr path:Bigg_Boss_(Hindi_season_13), curr freq:2558
131. total size:55810840, gzip total:10240771, curr size:72434, gzip curr:17286, curr path:Ncuti_Gatwa, curr freq:2542
132. total size:56356647, gzip total:10336740, curr size:545807, gzip curr:95969, curr path:Halsey_(singer), curr freq:2541
133. total size:57058295, gzip total:10461799, curr size:701648, gzip curr:125059, curr path:Michael_Bloomberg, curr freq:2533
134. total size:57287314, gzip total:10510494, curr size:229019, gzip curr:48695, curr path:Sex, curr freq:2516
135. total size:57574340, gzip total:10567372, curr size:287026, gzip curr:56878, curr path:Liv_Tyler, curr freq:2515
136. total size:58163962, gzip total:10676885, curr size:589622, gzip curr:109513, curr path:Greta_Thunberg, curr freq:2509
137. total size:58791415, gzip total:10727099, curr size:627453, gzip curr:50214, curr path:2020_European_Men's_Handball_Championship, curr freq:2499
138. total size:59554094, gzip total:10841866, curr size:762679, gzip curr:114767, curr path:Eli_Manning, curr freq:2495
139. total size:60807496, gzip total:11067027, curr size:1253402, gzip curr:225161, curr path:India, curr freq:2480
140. total size:60982855, gzip total:11105491, curr size:175359, gzip curr:38464, curr path:James_Earl_Ray, curr freq:2471
141. total size:61100249, gzip total:11133556, curr size:117394, gzip curr:28065, curr path:Richard_Jewell, curr freq:2465
142. total size:61477905, gzip total:11192403, curr size:377656, gzip curr:58847, curr path:List_of_Bollywood_films_of_2020, curr freq:2461
143. total size:61927945, gzip total:11276794, curr size:450040, gzip curr:84391, curr path:Robert_Downey_Jr., curr freq:2445
144. total size:62668194, gzip total:11407406, curr size:740249, gzip curr:130612, curr path:Angelina_Jolie, curr freq:2431
145. total size:64417896, gzip total:11643308, curr size:1749702, gzip curr:235902, curr path:Cristiano_Ronaldo, curr freq:2404
146. total size:64624100, gzip total:11685392, curr size:206204, gzip curr:42084, curr path:The_Witcher, curr freq:2387
147. total size:64908440, gzip total:11741092, curr size:284340, gzip curr:55700, curr path:Impeachment_of_Bill_Clinton, curr freq:2379
148. total size:65444682, gzip total:11838147, curr size:536242, gzip curr:97055, curr path:Heath_Ledger, curr freq:2366
149. total size:65686821, gzip total:11882282, curr size:242139, gzip curr:44135, curr path:Knives_Out_(film), curr freq:2318
150. total size:65869681, gzip total:11915791, curr size:182860, gzip curr:33509, curr path:Mike_Vrabel, curr freq:2297
151. total size:66008174, gzip total:11944726, curr size:138493, gzip curr:28935, curr path:Frank_Sheeran, curr freq:2288
152. total size:67899506, gzip total:12181861, curr size:1891332, gzip curr:237135, curr path:2020_Democratic_Party_presidential_primaries, curr freq:2284
153. total size:68905797, gzip total:12376448, curr size:1006291, gzip curr:194587, curr path:World_War_II, curr freq:2277
154. total size:69406123, gzip total:12462211, curr size:500326, gzip curr:85763, curr path:Anne,_Princess_Royal, curr freq:2274
155. total size:69758909, gzip total:12515601, curr size:352786, gzip curr:53390, curr path:Holly_Holm, curr freq:2265
156. total size:70205745, gzip total:12607344, curr size:446836, gzip curr:91743, curr path:Coca-Cola, curr freq:2247
157. total size:70527169, gzip total:12667764, curr size:321424, gzip curr:60420, curr path:Crash_Landing_on_You, curr freq:2246
158. total size:70720014, gzip total:12708459, curr size:192845, gzip curr:40695, curr path:Doomsday_Clock, curr freq:2235
159. total size:70891862, gzip total:12744603, curr size:171848, gzip curr:36144, curr path:Awkwafina, curr freq:2226
160. total size:71636650, gzip total:12873613, curr size:744788, gzip curr:129010, curr path:Robert_De_Niro, curr freq:2226
161. total size:71852615, gzip total:12911853, curr size:215965, gzip curr:38240, curr path:Coco_Gauff, curr freq:2225
162. total size:72233679, gzip total:12980790, curr size:381064, gzip curr:68937, curr path:Vanessa_Hudgens, curr freq:2214
163. total size:72348022, gzip total:13005193, curr size:114343, gzip curr:24403, curr path:26th_Screen_Actors_Guild_Awards, curr freq:2213
164. total size:72521819, gzip total:13039984, curr size:173797, gzip curr:34791, curr path:Florence_Pugh, curr freq:2212
165. total size:72647816, gzip total:13068588, curr size:125997, gzip curr:28604, curr path:Midsommar_(film), curr freq:2210
166. total size:72998445, gzip total:13130140, curr size:350629, gzip curr:61552, curr path:Super_Bowl_I, curr freq:2188
167. total size:73347744, gzip total:13194360, curr size:349299, gzip curr:64220, curr path:Hugh_Laurie, curr freq:2183
168. total size:73771068, gzip total:13277084, curr size:423324, gzip curr:82724, curr path:State_funeral, curr freq:2182
169. total size:73843341, gzip total:13295004, curr size:72273, gzip curr:17920, curr path:Countdown_(2019_film), curr freq:2177
170. total size:74983736, gzip total:13499844, curr size:1140395, gzip curr:204840, curr path:Winston_Churchill, curr freq:2149
171. total size:75674151, gzip total:13619163, curr size:690415, gzip curr:119319, curr path:Prince_William,_Duke_of_Cambridge, curr freq:2134
172. total size:76127610, gzip total:13710457, curr size:453459, gzip curr:91294, curr path:Ozzy_Osbourne, curr freq:2124
173. total size:77653646, gzip total:13984187, curr size:1526036, gzip curr:273730, curr path:Barack_Obama, curr freq:2119
174. total size:79171441, gzip total:14189661, curr size:1517795, gzip curr:205474, curr path:Roger_Federer, curr freq:2119
175. total size:79301532, gzip total:14218005, curr size:130091, gzip curr:28344, curr path:Christine_Keeler, curr freq:2103
176. total size:79396179, gzip total:14241730, curr size:94647, gzip curr:23725, curr path:Peter_Tordenskjold, curr freq:2099
177. total size:79742077, gzip total:14297934, curr size:345898, gzip curr:56204, curr path:Sam_Mendes, curr freq:2098
178. total size:80999499, gzip total:14489084, curr size:1257422, gzip curr:191150, curr path:Tom_Brady, curr freq:2086
179. total size:81246767, gzip total:14537518, curr size:247268, gzip curr:48434, curr path:Lamar_Hunt, curr freq:2080
180. total size:81478897, gzip total:14587777, curr size:232130, gzip curr:50259, curr path:Rob_Lowe, curr freq:2075
181. total size:82248310, gzip total:14718337, curr size:769413, gzip curr:130560, curr path:Leonardo_DiCaprio, curr freq:2074
182. total size:82537386, gzip total:14781402, curr size:289076, gzip curr:63065, curr path:River_Phoenix, curr freq:2070
183. total size:82801835, gzip total:14831833, curr size:264449, gzip curr:50431, curr path:Outlook.com, curr freq:2056
184. total size:83067209, gzip total:14891005, curr size:265374, gzip curr:59172, curr path:Little_Women, curr freq:2048
185. total size:83961432, gzip total:15036781, curr size:894223, gzip curr:145776, curr path:Derek_Jeter, curr freq:2048
186. total size:84080947, gzip total:15062849, curr size:119515, gzip curr:26068, curr path:Just_Mercy, curr freq:2042
187. total size:84238738, gzip total:15093892, curr size:157791, gzip curr:31043, curr path:The_Circle_(American_TV_series), curr freq:2031
188. total size:85566533, gzip total:15342440, curr size:1327795, gzip curr:248548, curr path:United_Kingdom, curr freq:2027
189. total size:86069314, gzip total:15419497, curr size:502781, gzip curr:77057, curr path:List_of_Bollywood_films_of_2019, curr freq:2016
190. total size:86429510, gzip total:15484903, curr size:360196, gzip curr:65406, curr path:Jerry_Rice, curr freq:2003
191. total size:87840570, gzip total:15727509, curr size:1411060, gzip curr:242606, curr path:Citizenship_Amendment_Act_protests, curr freq:1996
192. total size:88542058, gzip total:15846774, curr size:701488, gzip curr:119265, curr path:Scarlett_Johansson, curr freq:1994
193. total size:89284626, gzip total:15956573, curr size:742568, gzip curr:109799, curr path:List_of_Marvel_Cinematic_Universe_films, curr freq:1993
194. total size:89609249, gzip total:16014081, curr size:324623, gzip curr:57508, curr path:Timothée_Chalamet, curr freq:1990
195. total size:89809009, gzip total:16052671, curr size:199760, gzip curr:38590, curr path:Penn_Badgley, curr freq:1977
196. total size:90263965, gzip total:16147860, curr size:454956, gzip curr:95189, curr path:Queen_Victoria, curr freq:1975
197. total size:90363480, gzip total:16169501, curr size:99515, gzip curr:21641, curr path:David_Olney, curr freq:1970
198. total size:90972347, gzip total:16212953, curr size:608867, gzip curr:43452, curr path:2020_Australian_Open_–_Women's_Singles, curr freq:1963
199. total size:91071313, gzip total:16235737, curr size:98966, gzip curr:22784, curr path:F5_Networks, curr freq:1956
200. total size:91696056, gzip total:16344130, curr size:624743, gzip curr:108393, curr path:Larry_Walker, curr freq:1954
201. total size:92900826, gzip total:16566207, curr size:1204770, gzip curr:222077, curr path:Pope_Francis, curr freq:1953
202. total size:93152692, gzip total:16611026, curr size:251866, gzip curr:44819, curr path:John_Lynch_(American_football), curr freq:1953
203. total size:93295121, gzip total:16640604, curr size:142429, gzip curr:29578, curr path:George_MacKay_(actor), curr freq:1953
204. total size:93622551, gzip total:16699718, curr size:327430, gzip curr:59114, curr path:Margot_Robbie, curr freq:1932
205. total size:94215788, gzip total:16815839, curr size:593237, gzip curr:116121, curr path:Jane_Fonda, curr freq:1932
206. total size:94267309, gzip total:16828882, curr size:51521, gzip curr:13043, curr path:Battle_of_Sinhagad, curr freq:1927
207. total size:94654032, gzip total:16900520, curr size:386723, gzip curr:71638, curr path:Will_Smith, curr freq:1911
208. total size:94788249, gzip total:16927979, curr size:134217, gzip curr:27459, curr path:Sarileru_Neekevvaru, curr freq:1909
209. total size:94918776, gzip total:16956809, curr size:130527, gzip curr:28830, curr path:Messiah_(American_TV_series), curr freq:1903
210. total size:95344262, gzip total:17022993, curr size:425486, gzip curr:66184, curr path:Zion_Williamson, curr freq:1902
211. total size:95553369, gzip total:17065935, curr size:209107, gzip curr:42942, curr path:Taal_Volcano, curr freq:1901
212. total size:95875272, gzip total:17124088, curr size:321903, gzip curr:58153, curr path:Juice_Wrld, curr freq:1893
213. total size:96142511, gzip total:17170249, curr size:267239, gzip curr:46161, curr path:Severe_acute_respiratory_syndrome-related_coronavirus, curr freq:1892
214. total size:97318574, gzip total:17400570, curr size:1176063, gzip curr:230321, curr path:Mahatma_Gandhi, curr freq:1883
215. total size:97531611, gzip total:17445962, curr size:213037, gzip curr:45392, curr path:Graham_Chapman, curr freq:1879
216. total size:97985930, gzip total:17529678, curr size:454319, gzip curr:83716, curr path:Impeachment_in_the_United_States, curr freq:1876
217. total size:98138148, gzip total:17557653, curr size:152218, gzip curr:27975, curr path:Demi-Leigh_Nel-Peters, curr freq:1856
218. total size:98207057, gzip total:17574144, curr size:68909, gzip curr:16491, curr path:Anya_Chalotra, curr freq:1855
219. total size:98280084, gzip total:17591542, curr size:73027, gzip curr:17398, curr path:Hassan_Jameel, curr freq:1852
220. total size:98869395, gzip total:17690463, curr size:589311, gzip curr:98921, curr path:Microsoft_Office, curr freq:1849
221. total size:98930744, gzip total:17706641, curr size:61349, gzip curr:16178, curr path:The_Road_to_Wellville_(film), curr freq:1842
222. total size:99119466, gzip total:17743879, curr size:188722, gzip curr:37238, curr path:The_Lighthouse_(2019_film), curr freq:1836
223. total size:99292429, gzip total:17779386, curr size:172963, gzip curr:35507, curr path:Marriage_Story_(2019_film), curr freq:1831
224. total size:99782692, gzip total:17863053, curr size:490263, gzip curr:83667, curr path:Joe_Montana, curr freq:1829
225. total size:100085498, gzip total:17920053, curr size:302806, gzip curr:57000, curr path:Junior_Seau, curr freq:1826
226. total size:100207474, gzip total:17946498, curr size:121976, gzip curr:26445, curr path:The_Gentlemen_(2019_film), curr freq:1820
227. total size:100578647, gzip total:18023067, curr size:371173, gzip curr:76569, curr path:Charles_Manson, curr freq:1816
228. total size:100865378, gzip total:18073116, curr size:286731, gzip curr:50049, curr path:Laura_Dern, curr freq:1809
229. total size:101054085, gzip total:18110350, curr size:188707, gzip curr:37234, curr path:Uncut_Gems, curr freq:1805
230. total size:101456264, gzip total:18192580, curr size:402179, gzip curr:82230, curr path:Alan_Dershowitz, curr freq:1779
231. total size:101858144, gzip total:18233482, curr size:401880, gzip curr:40902, curr path:2020_Under-19_Cricket_World_Cup, curr freq:1777
232. total size:102801933, gzip total:18411067, curr size:943789, gzip curr:177585, curr path:Adolf_Hitler, curr freq:1769
233. total size:102963415, gzip total:18445255, curr size:161482, gzip curr:34188, curr path:Dan_Bilzerian, curr freq:1769
234. total size:103024170, gzip total:18459725, curr size:60755, gzip curr:14470, curr path:Katie_Sowers, curr freq:1768
235. total size:103659746, gzip total:18566432, curr size:635576, gzip curr:106707, curr path:List_of_epidemics, curr freq:1761
236. total size:104345240, gzip total:18699950, curr size:685494, gzip curr:133518, curr path:Spanish_flu, curr freq:1740
237. total size:104459312, gzip total:18724012, curr size:114072, gzip curr:24062, curr path:Archie_Mountbatten-Windsor, curr freq:1729
238. total size:104802066, gzip total:18789254, curr size:342754, gzip curr:65242, curr path:Prince_Edward,_Earl_of_Wessex, curr freq:1726
239. total size:105629081, gzip total:18956994, curr size:827015, gzip curr:167740, curr path:Pope_Benedict_XVI, curr freq:1720
240. total size:106191603, gzip total:19053631, curr size:562522, gzip curr:96637, curr path:XXXTentacion, curr freq:1709
241. total size:106439796, gzip total:19094676, curr size:248193, gzip curr:41045, curr path:Grace_and_Frankie, curr freq:1692
242. total size:106767327, gzip total:19159138, curr size:327531, gzip curr:64462, curr path:Harvey_Weinstein, curr freq:1688
243. total size:106886462, gzip total:19184688, curr size:119135, gzip curr:25550, curr path:The_Turning_(2020_film), curr freq:1686
244. total size:107187962, gzip total:19240412, curr size:301500, gzip curr:55724, curr path:The_Good_Place, curr freq:1684
245. total size:107463646, gzip total:19288820, curr size:275684, gzip curr:48408, curr path:Darbar_(film), curr freq:1661
246. total size:107868333, gzip total:19357908, curr size:404687, gzip curr:69088, curr path:Birds_of_Prey_(2020_film), curr freq:1657
247. total size:108103750, gzip total:19410208, curr size:235417, gzip curr:52300, curr path:Zodiac, curr freq:1655
248. total size:108538782, gzip total:19473535, curr size:435032, gzip curr:63327, curr path:Derrick_Henry, curr freq:1651
249. total size:109242738, gzip total:19571769, curr size:703956, gzip curr:98234, curr path:Liverpool_F.C., curr freq:1651
250. total size:109494135, gzip total:19616117, curr size:251397, gzip curr:44348, curr path:Dan_Levy_(Canadian_actor), curr freq:1646
251. total size:109763253, gzip total:19667106, curr size:269118, gzip curr:50989, curr path:Super_Bowl_IV, curr freq:1644
252. total size:111011507, gzip total:19888312, curr size:1248254, gzip curr:221206, curr path:Bernie_Sanders, curr freq:1635
253. total size:111854984, gzip total:20048515, curr size:843477, gzip curr:160203, curr path:Australia, curr freq:1634
254. total size:112415545, gzip total:20143772, curr size:560561, gzip curr:95257, curr path:Caroline_Wozniacki, curr freq:1634
255. total size:113499420, gzip total:20316350, curr size:1083875, gzip curr:172578, curr path:LeBron_James, curr freq:1633
256. total size:113729405, gzip total:20357455, curr size:229985, gzip curr:41105, curr path:John_Millman, curr freq:1613
257. total size:113984443, gzip total:20409398, curr size:255038, gzip curr:51943, curr path:Joe_Rogan, curr freq:1612
258. total size:114196821, gzip total:20450907, curr size:212378, gzip curr:41509, curr path:Doris_Miller, curr freq:1610
259. total size:114378760, gzip total:20486217, curr size:181939, gzip curr:35310, curr path:Dracula_(2020_TV_series), curr freq:1609
260. total size:115411048, gzip total:20676482, curr size:1032288, gzip curr:190265, curr path:Canada, curr freq:1601
261. total size:117004444, gzip total:20901136, curr size:1593396, gzip curr:224654, curr path:Serena_Williams, curr freq:1596
262. total size:117820776, gzip total:21075388, curr size:816332, gzip curr:174252, curr path:Chernobyl_disaster, curr freq:1592
263. total size:118284086, gzip total:21165880, curr size:463310, gzip curr:90492, curr path:George_V, curr freq:1582
264. total size:118771616, gzip total:21260266, curr size:487530, gzip curr:94386, curr path:Citizenship_(Amendment)_Act,_2019, curr freq:1574
265. total size:119157216, gzip total:21339773, curr size:385600, gzip curr:79507, curr path:Death_of_Caylee_Anthony, curr freq:1574
266. total size:120139217, gzip total:21497532, curr size:982001, gzip curr:157759, curr path:List_of_highest-grossing_films, curr freq:1571
267. total size:120286377, gzip total:21527533, curr size:147160, gzip curr:30001, curr path:Jim_Lehrer, curr freq:1570
268. total size:120454785, gzip total:21562973, curr size:168408, gzip curr:35440, curr path:The_Two_Popes, curr freq:1566
269. total size:121872229, gzip total:21823785, curr size:1417444, gzip curr:260812, curr path:China, curr freq:1564
270. total size:122202905, gzip total:21886688, curr size:330676, gzip curr:62903, curr path:Cats_(2019_film), curr freq:1552
271. total size:122423096, gzip total:21928156, curr size:220191, gzip curr:41468, curr path:Ford_v_Ferrari, curr freq:1551
272. total size:123230163, gzip total:22047841, curr size:807067, gzip curr:119685, curr path:Virat_Kohli, curr freq:1546
273. total size:123747809, gzip total:22143863, curr size:517646, gzip curr:96022, curr path:Prince_Andrew,_Duke_of_York, curr freq:1545
274. total size:124205378, gzip total:22230698, curr size:457569, gzip curr:86835, curr path:TikTok, curr freq:1534
275. total size:124571855, gzip total:22294091, curr size:366477, gzip curr:63393, curr path:Schitt's_Creek, curr freq:1532
276. total size:125097175, gzip total:22403687, curr size:525320, gzip curr:109596, curr path:Ted_Bundy, curr freq:1525
277. total size:125646929, gzip total:22514384, curr size:549754, gzip curr:110697, curr path:Freddie_Mercury, curr freq:1525
278. total size:125982967, gzip total:22577118, curr size:336038, gzip curr:62734, curr path:Hakeem_Jeffries, curr freq:1518
279. total size:126164292, gzip total:22613094, curr size:181325, gzip curr:35976, curr path:Lisa_Nandy, curr freq:1517
280. total size:126238811, gzip total:22632479, curr size:74519, gzip curr:19385, curr path:Jeremy_Bamber, curr freq:1517
281. total size:127011663, gzip total:22774545, curr size:772852, gzip curr:142066, curr path:Jeffrey_Epstein, curr freq:1507
282. total size:127172291, gzip total:22809486, curr size:160628, gzip curr:34941, curr path:The_Voyage_of_Doctor_Dolittle, curr freq:1500
283. total size:127653204, gzip total:22890485, curr size:480913, gzip curr:80999, curr path:The_Crown_(TV_series), curr freq:1497
284. total size:127883321, gzip total:22940287, curr size:230117, gzip curr:49802, curr path:Morbius,_the_Living_Vampire, curr freq:1493
285. total size:128614809, gzip total:23083435, curr size:731488, gzip curr:143148, curr path:Steve_Jobs, curr freq:1492
286. total size:129159760, gzip total:23181053, curr size:544951, gzip curr:97618, curr path:Andrew_Yang, curr freq:1488
287. total size:129619026, gzip total:23258064, curr size:459266, gzip curr:77011, curr path:Renée_Zellweger, curr freq:1487
288. total size:129756415, gzip total:23287972, curr size:137389, gzip curr:29908, curr path:Shooting_of_Corey_Jones, curr freq:1486
289. total size:130358348, gzip total:23403917, curr size:601933, gzip curr:115945, curr path:J._R._R._Tolkien, curr freq:1481
290. total size:131144105, gzip total:23542598, curr size:785757, gzip curr:138681, curr path:Google, curr freq:1479
291. total size:131806437, gzip total:23648384, curr size:662332, gzip curr:105786, curr path:United_States_Space_Force, curr freq:1478
292. total size:132179734, gzip total:23710010, curr size:373297, gzip curr:61626, curr path:Teddy_Sheringham, curr freq:1464
293. total size:132331961, gzip total:23743510, curr size:152227, gzip curr:33500, curr path:Jumanji:_The_Next_Level, curr freq:1463
294. total size:132700544, gzip total:23806689, curr size:368583, gzip curr:63179, curr path:Titans_(2018_TV_series), curr freq:1461
295. total size:132951731, gzip total:23855119, curr size:251187, gzip curr:48430, curr path:Darrelle_Revis, curr freq:1460
296. total size:133468447, gzip total:23955191, curr size:516716, gzip curr:100072, curr path:Green_Bay_Packers, curr freq:1456
297. total size:133853064, gzip total:24024642, curr size:384617, gzip curr:69451, curr path:Frozen_II, curr freq:1455
298. total size:134758153, gzip total:24144641, curr size:905089, gzip curr:119999, curr path:Manchester_United_F.C., curr freq:1451
299. total size:134815389, gzip total:24158668, curr size:57236, gzip curr:14027, curr path:Tanya_Reynolds, curr freq:1449
300. total size:135510574, gzip total:24275032, curr size:695185, gzip curr:116364, curr path:Premier_League, curr freq:1446
301. total size:135627522, gzip total:24300606, curr size:116948, gzip curr:25574, curr path:Library_Genesis, curr freq:1445
302. total size:135836845, gzip total:24340756, curr size:209323, gzip curr:40150, curr path:Doordarshan, curr freq:1443
303. total size:136003840, gzip total:24377942, curr size:166995, gzip curr:37186, curr path:The_New_Pope, curr freq:1442
304. total size:136357896, gzip total:24440133, curr size:354056, gzip curr:62191, curr path:Saoirse_Ronan, curr freq:1441
305. total size:136460310, gzip total:24463625, curr size:102414, gzip curr:23492, curr path:Good_Newwz, curr freq:1432
306. total size:136557988, gzip total:24485617, curr size:97678, gzip curr:21992, curr path:Doria_Ragland, curr freq:1432
307. total size:136819860, gzip total:24533198, curr size:261872, gzip curr:47581, curr path:List_of_presidents_of_the_United_States, curr freq:1429
308. total size:137807849, gzip total:24637738, curr size:987989, gzip curr:104540, curr path:List_of_United_States_cities_by_population, curr freq:1428
309. total size:138803504, gzip total:24824796, curr size:995655, gzip curr:187058, curr path:Facebook, curr freq:1425
310. total size:139026400, gzip total:24864726, curr size:222896, gzip curr:39930, curr path:Tony_Ferguson, curr freq:1422
311. total size:139324967, gzip total:24929482, curr size:298567, gzip curr:64756, curr path:Assassination_of_Martin_Luther_King_Jr., curr freq:1422
312. total size:139432073, gzip total:24955221, curr size:107106, gzip curr:25739, curr path:Bad_Boys_(1995_film), curr freq:1406
313. total size:139760278, gzip total:25020820, curr size:328205, gzip curr:65599, curr path:Pamela_Anderson, curr freq:1405
314. total size:139955227, gzip total:25062716, curr size:194949, gzip curr:41896, curr path:Princess_Alice_of_Battenberg, curr freq:1405
315. total size:140176295, gzip total:25109384, curr size:221068, gzip curr:46668, curr path:Roger_Ailes, curr freq:1405
316. total size:140657078, gzip total:25193747, curr size:480783, gzip curr:84363, curr path:Charlize_Theron, curr freq:1403
317. total size:140773330, gzip total:25218587, curr size:116252, gzip curr:24840, curr path:Underwater_(film), curr freq:1393
318. total size:140968698, gzip total:25257406, curr size:195368, gzip curr:38819, curr path:Mike_Shanahan, curr freq:1393
319. total size:142016475, gzip total:25444394, curr size:1047777, gzip curr:186988, curr path:2019–20_Australian_bushfire_season, curr freq:1390
320. total size:142943296, gzip total:25599050, curr size:926821, gzip curr:154656, curr path:Star_Wars, curr freq:1387
321. total size:143362013, gzip total:25677731, curr size:418717, gzip curr:78681, curr path:Terry_Gilliam, curr freq:1386
322. total size:143889755, gzip total:25773972, curr size:527742, gzip curr:96241, curr path:Keanu_Reeves, curr freq:1383
323. total size:144460885, gzip total:25875239, curr size:571130, gzip curr:101267, curr path:O._J._Simpson, curr freq:1382
324. total size:145066504, gzip total:25988357, curr size:605619, gzip curr:113118, curr path:Roman_Polanski, curr freq:1382
325. total size:145510618, gzip total:26064368, curr size:444114, gzip curr:76011, curr path:Aladdin_(2019_film), curr freq:1381
326. total size:145692382, gzip total:26101584, curr size:181764, gzip curr:37216, curr path:The_Morning_Show_(American_TV_series), curr freq:1377
327. total size:146062823, gzip total:26163022, curr size:370441, gzip curr:61438, curr path:Taika_Waititi, curr freq:1375
328. total size:146181546, gzip total:26193271, curr size:118723, gzip curr:30249, curr path:Timothy_Evans, curr freq:1373
329. total size:146232092, gzip total:26206456, curr size:50546, gzip curr:13185, curr path:Mixed_martial_arts_weight_classes, curr freq:1373
330. total size:146304485, gzip total:26225059, curr size:72393, gzip curr:18603, curr path:Code_8_(2019_film), curr freq:1370
331. total size:146703810, gzip total:26289071, curr size:399325, gzip curr:64012, curr path:List_of_Star_Wars_films, curr freq:1370
332. total size:146844122, gzip total:26318812, curr size:140312, gzip curr:29741, curr path:Justin_Theroux, curr freq:1370
333. total size:147178660, gzip total:26386101, curr size:334538, gzip curr:67289, curr path:Lily_Tomlin, curr freq:1368
334. total size:147280909, gzip total:26409041, curr size:102249, gzip curr:22940, curr path:Thomas_Markle, curr freq:1357
335. total size:147522635, gzip total:26463398, curr size:241726, gzip curr:54357, curr path:Wallis_Simpson, curr freq:1348
336. total size:147617991, gzip total:26483883, curr size:95356, gzip curr:20485, curr path:Victoria_Pedretti, curr freq:1346
337. total size:147650624, gzip total:26493250, curr size:32633, gzip curr:9367, curr path:Impeachment_of_Donald_Trump, curr freq:1337
338. total size:148212299, gzip total:26587371, curr size:561675, gzip curr:94121, curr path:Jon_Jones, curr freq:1336
339. total size:148277434, gzip total:26603631, curr size:65135, gzip curr:16260, curr path:Dean-Charles_Chapman, curr freq:1328
340. total size:149486860, gzip total:26823480, curr size:1209426, gzip curr:219849, curr path:Michael_Jackson, curr freq:1326
341. total size:149870435, gzip total:26896692, curr size:383575, gzip curr:73212, curr path:Mary,_Queen_of_Scots, curr freq:1324
342. total size:150512972, gzip total:27009870, curr size:642537, gzip curr:113178, curr path:Tulsi_Gabbard, curr freq:1323
343. total size:150647083, gzip total:27032592, curr size:134111, gzip curr:22722, curr path:Jagat_Prakash_Nadda, curr freq:1322
344. total size:151182131, gzip total:27116813, curr size:535048, gzip curr:84221, curr path:Javier_Hernández, curr freq:1318
345. total size:151250750, gzip total:27133039, curr size:68619, gzip curr:16226, curr path:Trevor_Engelson, curr freq:1317
346. total size:151455498, gzip total:27171796, curr size:204748, gzip curr:38757, curr path:9-1-1:_Lone_Star, curr freq:1312
347. total size:151738546, gzip total:27228620, curr size:283048, gzip curr:56824, curr path:Shabana_Azmi, curr freq:1302
348. total size:151829508, gzip total:27250969, curr size:90962, gzip curr:22349, curr path:Street_Dancer_3D, curr freq:1301
349. total size:152332198, gzip total:27338631, curr size:502690, gzip curr:87662, curr path:Al_Pacino, curr freq:1301
350. total size:152429882, gzip total:27362672, curr size:97684, gzip curr:24041, curr path:HTTP_404, curr freq:1293
351. total size:152513438, gzip total:27381753, curr size:83556, gzip curr:19081, curr path:Killer_Inside:_The_Mind_of_Aaron_Hernandez, curr freq:1292
352. total size:152624108, gzip total:27407678, curr size:110670, gzip curr:25925, curr path:Jon_Peters, curr freq:1291
353. total size:152979616, gzip total:27464898, curr size:355508, gzip curr:57220, curr path:Ryan_Tannehill, curr freq:1283
354. total size:153125511, gzip total:27497219, curr size:145895, gzip curr:32321, curr path:Jay_Sekulow, curr freq:1279
355. total size:153406348, gzip total:27557382, curr size:280837, gzip curr:60163, curr path:Wiki, curr freq:1279
356. total size:154905804, gzip total:27835100, curr size:1499456, gzip curr:277718, curr path:New_York_City, curr freq:1277
357. total size:155240187, gzip total:27889719, curr size:334383, gzip curr:54619, curr path:Australian_Open, curr freq:1277
358. total size:155358506, gzip total:27914855, curr size:118319, gzip curr:25136, curr path:Nora_Fatehi, curr freq:1275
359. total size:155401685, gzip total:27926776, curr size:43179, gzip curr:11921, curr path:Null, curr freq:1274
360. total size:156543219, gzip total:28135700, curr size:1141534, gzip curr:208924, curr path:Chicago, curr freq:1273
361. total size:157311009, gzip total:28256988, curr size:767790, gzip curr:121288, curr path:Rob_Gronkowski, curr freq:1273
362. total size:157494031, gzip total:28297798, curr size:183022, gzip curr:40810, curr path:James_Doohan, curr freq:1270
363. total size:158075561, gzip total:28382300, curr size:581530, gzip curr:84502, curr path:Antonio_Brown, curr freq:1268
364. total size:158245794, gzip total:28422223, curr size:170233, gzip curr:39923, curr path:Succession_to_the_British_throne, curr freq:1267
365. total size:158419157, gzip total:28456440, curr size:173363, gzip curr:34217, curr path:Adama_Traoré_(footballer,_born_1996), curr freq:1266
366. total size:158701173, gzip total:28509614, curr size:282016, gzip curr:53174, curr path:Timeline_of_the_SARS_outbreak, curr freq:1266
367. total size:159048816, gzip total:28581150, curr size:347643, gzip curr:71536, curr path:Queen_Elizabeth_The_Queen_Mother, curr freq:1260
368. total size:160164551, gzip total:28755340, curr size:1115735, gzip curr:174190, curr path:Peyton_Manning, curr freq:1259
369. total size:160507797, gzip total:28815098, curr size:343246, gzip curr:59758, curr path:Richard_Sherman_(American_football), curr freq:1258
370. total size:160633729, gzip total:28841089, curr size:125932, gzip curr:25991, curr path:Clark_Hunt, curr freq:1257
371. total size:161419766, gzip total:28964411, curr size:786037, gzip curr:123322, curr path:Quentin_Tarantino, curr freq:1251
372. total size:162065056, gzip total:29076207, curr size:645290, gzip curr:111796, curr path:Avengers:_Endgame, curr freq:1251
373. total size:162239335, gzip total:29110788, curr size:174279, gzip curr:34581, curr path:Naomi_Scott, curr freq:1247
374. total size:162389263, gzip total:29142721, curr size:149928, gzip curr:31933, curr path:Bad_Boys_II, curr freq:1247
375. total size:162422297, gzip total:29152185, curr size:33034, gzip curr:9464, curr path:Impeachment_trial_of_Donald_Trump, curr freq:1245
376. total size:162516033, gzip total:29174209, curr size:93736, gzip curr:22024, curr path:Disappearance_of_Kristin_Smart, curr freq:1243
377. total size:163554418, gzip total:29304248, curr size:1038385, gzip curr:130039, curr path:List_of_UFC_events, curr freq:1243
378. total size:164578766, gzip total:29476991, curr size:1024348, gzip curr:172743, curr path:Nancy_Pelosi, curr freq:1240
379. total size:164770033, gzip total:29512525, curr size:191267, gzip curr:35534, curr path:Rashmika_Mandanna, curr freq:1229
380. total size:164839136, gzip total:29529224, curr size:69103, gzip curr:16699, curr path:Bestgore.com, curr freq:1227
381. total size:165350757, gzip total:29621254, curr size:511621, gzip curr:92030, curr path:Camilla,_Duchess_of_Cornwall, curr freq:1226
382. total size:165588024, gzip total:29669039, curr size:237267, gzip curr:47785, curr path:Megyn_Kelly, curr freq:1222
383. total size:166213197, gzip total:29786067, curr size:625173, gzip curr:117028, curr path:Louis_Mountbatten,_1st_Earl_Mountbatten_of_Burma, curr freq:1215
384. total size:166920773, gzip total:29896466, curr size:707576, gzip curr:110399, curr path:2020_Summer_Olympics, curr freq:1213
385. total size:167598533, gzip total:30014798, curr size:677760, gzip curr:118332, curr path:Catherine,_Duchess_of_Cambridge, curr freq:1212
386. total size:168082254, gzip total:30091769, curr size:483721, gzip curr:76971, curr path:Naomi_Osaka, curr freq:1212
387. total size:168907083, gzip total:30248350, curr size:824829, gzip curr:156581, curr path:Elton_John, curr freq:1210
388. total size:170243406, gzip total:30431925, curr size:1336323, gzip curr:183575, curr path:Rafael_Nadal, curr freq:1209
389. total size:170594515, gzip total:30497160, curr size:351109, gzip curr:65235, curr path:Weathering_with_You, curr freq:1203
390. total size:171009241, gzip total:30569079, curr size:414726, gzip curr:71919, curr path:The_Marvelous_Mrs._Maisel, curr freq:1199
391. total size:171496412, gzip total:30665665, curr size:487171, gzip curr:96586, curr path:Buzz_Aldrin, curr freq:1198
392. total size:172386964, gzip total:30858035, curr size:890552, gzip curr:192370, curr path:Millennials, curr freq:1196
393. total size:172476234, gzip total:30878672, curr size:89270, gzip curr:20637, curr path:Mackenzie_Davis, curr freq:1194
394. total size:172799517, gzip total:30935477, curr size:323283, gzip curr:56805, curr path:Chilling_Adventures_of_Sabrina_(TV_series), curr freq:1189
395. total size:172945077, gzip total:30970965, curr size:145560, gzip curr:35488, curr path:Frank_Abagnale, curr freq:1188
396. total size:173110389, gzip total:31002508, curr size:165312, gzip curr:31543, curr path:Avenue_5, curr freq:1179
397. total size:173852503, gzip total:31154608, curr size:742114, gzip curr:152100, curr path:Muhammad_Ali, curr freq:1177
398. total size:173948003, gzip total:31176648, curr size:95500, gzip curr:22040, curr path:Rat_(zodiac), curr freq:1172
399. total size:174078328, gzip total:31206321, curr size:130325, gzip curr:29673, curr path:Martin_Lawrence, curr freq:1171
400. total size:174310039, gzip total:31252375, curr size:231711, gzip curr:46054, curr path:Curb_Your_Enthusiasm, curr freq:1167
401. total size:174872815, gzip total:31355564, curr size:562776, gzip curr:103189, curr path:2012_Delhi_gang_rape, curr freq:1167
402. total size:175314596, gzip total:31440141, curr size:441781, gzip curr:84577, curr path:XFL_(2020), curr freq:1165
403. total size:176519898, gzip total:31656643, curr size:1205302, gzip curr:216502, curr path:Netflix, curr freq:1165
404. total size:177404107, gzip total:31806545, curr size:884209, gzip curr:149902, curr path:Michael_Jordan, curr freq:1163
405. total size:178638043, gzip total:32039360, curr size:1233936, gzip curr:232815, curr path:John_F._Kennedy, curr freq:1157
406. total size:180228185, gzip total:32275238, curr size:1590142, gzip curr:235878, curr path:Lionel_Messi, curr freq:1150
407. total size:180495499, gzip total:32326775, curr size:267314, gzip curr:51537, curr path:David_Dobrik, curr freq:1150
408. total size:180636117, gzip total:32361184, curr size:140618, gzip curr:34409, curr path:José_Eduardo_dos_Santos, curr freq:1149
409. total size:180829737, gzip total:32405454, curr size:193620, gzip curr:44270, curr path:Kray_twins, curr freq:1147
410. total size:181033255, gzip total:32442507, curr size:203518, gzip curr:37053, curr path:Morbius_(film), curr freq:1147
411. total size:181143329, gzip total:32465994, curr size:110074, gzip curr:23487, curr path:Matt_LaFleur, curr freq:1145
412. total size:181749557, gzip total:32519344, curr size:606228, gzip curr:53350, curr path:List_of_richest_people_in_the_world, curr freq:1143
413. total size:181924478, gzip total:32555108, curr size:174921, gzip curr:35764, curr path:Richard_Jewell_(film), curr freq:1142
414. total size:182013044, gzip total:32575941, curr size:88566, gzip curr:20833, curr path:The_Last_Full_Measure_(2019_film), curr freq:1140
415. total size:182951967, gzip total:32744017, curr size:938923, gzip curr:168076, curr path:Jennifer_Lopez, curr freq:1140
416. total size:183016804, gzip total:32760118, curr size:64837, gzip curr:16101, curr path:Ryan_O'Callaghan, curr freq:1139
417. total size:183744568, gzip total:32896179, curr size:727764, gzip curr:136061, curr path:Isaac_Asimov, curr freq:1136
418. total size:183954654, gzip total:32940273, curr size:210086, gzip curr:44094, curr path:Peaky_Blinders_(TV_series), curr freq:1134
419. total size:185096415, gzip total:33155148, curr size:1141761, gzip curr:214875, curr path:Vladimir_Putin, curr freq:1132
420. total size:185861866, gzip total:33306614, curr size:765451, gzip curr:151466, curr path:Russia, curr freq:1132
421. total size:186344674, gzip total:33393966, curr size:482808, gzip curr:87352, curr path:Godzilla:_King_of_the_Monsters_(2019_film), curr freq:1131
422. total size:186559329, gzip total:33433555, curr size:214655, gzip curr:39589, curr path:Millie_Bobby_Brown, curr freq:1128
423. total size:187360998, gzip total:33581491, curr size:801669, gzip curr:147936, curr path:Clint_Eastwood, curr freq:1122
424. total size:188593770, gzip total:33781643, curr size:1232772, gzip curr:200152, curr path:Taylor_Swift, curr freq:1120
425. total size:189050606, gzip total:33871200, curr size:456836, gzip curr:89557, curr path:Sylvester_Stallone, curr freq:1118
426. total size:189470479, gzip total:33955598, curr size:419873, gzip curr:84398, curr path:John_Roberts, curr freq:1118
427. total size:190584831, gzip total:34155142, curr size:1114352, gzip curr:199544, curr path:Singapore, curr freq:1109
428. total size:191227669, gzip total:34269906, curr size:642838, gzip curr:114764, curr path:Selena_Gomez, curr freq:1108
429. total size:191323416, gzip total:34290640, curr size:95747, gzip curr:20734, curr path:The_Masked_Singer_(British_TV_series), curr freq:1107
430. total size:191408403, gzip total:34310870, curr size:84987, gzip curr:20230, curr path:Love_Aaj_Kal_(2020_film), curr freq:1105
431. total size:192122959, gzip total:34434113, curr size:714556, gzip curr:123243, curr path:Floyd_Mayweather_Jr., curr freq:1102
432. total size:192321379, gzip total:34470107, curr size:198420, gzip curr:35994, curr path:Aleksei_Oleinik, curr freq:1102
433. total size:192596094, gzip total:34530940, curr size:274715, gzip curr:60833, curr path:Pablo_Escobar, curr freq:1102
434. total size:192739330, gzip total:34563730, curr size:143236, gzip curr:32790, curr path:Rick_and_Morty_(season_4), curr freq:1102
435. total size:192893257, gzip total:34595560, curr size:153927, gzip curr:31830, curr path:Jason_Momoa, curr freq:1100
436. total size:193179258, gzip total:34638896, curr size:286001, gzip curr:43336, curr path:Kamaru_Usman, curr freq:1097
437. total size:193595489, gzip total:34728340, curr size:416231, gzip curr:89444, curr path:John_Cleese, curr freq:1096
438. total size:194565097, gzip total:34911878, curr size:969608, gzip curr:183538, curr path:Global_warming, curr freq:1093
439. total size:194768053, gzip total:34941684, curr size:202956, gzip curr:29806, curr path:Coronaviridae, curr freq:1092
440. total size:194822921, gzip total:34955451, curr size:54868, gzip curr:13767, curr path:Mimi_Keene, curr freq:1091
441. total size:195594945, gzip total:35124116, curr size:772024, gzip curr:168665, curr path:Elvis_Presley, curr freq:1089
442. total size:195717259, gzip total:35150838, curr size:122314, gzip curr:26722, curr path:Gabriel_Martinelli, curr freq:1088
443. total size:195775394, gzip total:35165707, curr size:58135, gzip curr:14869, curr path:Mufidah_Abdul_Rahman, curr freq:1086
444. total size:196713409, gzip total:35345028, curr size:938015, gzip curr:179321, curr path:Abraham_Lincoln, curr freq:1085
445. total size:197111538, gzip total:35422614, curr size:398129, gzip curr:77586, curr path:Super_Bowl_XLVI, curr freq:1084
446. total size:197511243, gzip total:35497982, curr size:399705, gzip curr:75368, curr path:2017_Las_Vegas_shooting, curr freq:1078
447. total size:197655482, gzip total:35529718, curr size:144239, gzip curr:31736, curr path:Zombieland:_Double_Tap, curr freq:1077
448. total size:197996597, gzip total:35589424, curr size:341115, gzip curr:59706, curr path:Post_Malone, curr freq:1076
449. total size:198407401, gzip total:35664372, curr size:410804, gzip curr:74948, curr path:Tom_Cruise, curr freq:1076
450. total size:200025385, gzip total:35928709, curr size:1617984, gzip curr:264337, curr path:2016_United_States_presidential_election, curr freq:1074
451. total size:200521429, gzip total:36033870, curr size:496044, gzip curr:105161, curr path:Henry_VIII_of_England, curr freq:1070
452. total size:200773089, gzip total:36085909, curr size:251660, gzip curr:52039, curr path:Rooney_Mara, curr freq:1069
453. total size:201016609, gzip total:36140714, curr size:243520, gzip curr:54805, curr path:Manson_Family, curr freq:1068
454. total size:201126087, gzip total:36166445, curr size:109478, gzip curr:25731, curr path:Tate–LaBianca_murders, curr freq:1066
455. total size:201707831, gzip total:36254830, curr size:581744, gzip curr:88385, curr path:Ashleigh_Barty, curr freq:1065
456. total size:202170757, gzip total:36339308, curr size:462926, gzip curr:84478, curr path:Meghan_Markle, curr freq:1065
457. total size:202428298, gzip total:36390595, curr size:257541, gzip curr:51287, curr path:Super_Bowl_XXXI, curr freq:1065
458. total size:203923843, gzip total:36642365, curr size:1495545, gzip curr:251770, curr path:2020_United_States_presidential_election, curr freq:1062
459. total size:204494928, gzip total:36750483, curr size:571085, gzip curr:108118, curr path:Johnny_Depp, curr freq:1061
460. total size:204589111, gzip total:36773048, curr size:94183, gzip curr:22565, curr path:Walter_McMillian, curr freq:1058
461. total size:205043733, gzip total:36871832, curr size:454622, gzip curr:98784, curr path:Black_Death, curr freq:1058
462. total size:205312896, gzip total:36924620, curr size:269163, gzip curr:52788, curr path:Mikhail_Mishustin, curr freq:1056
463. total size:205962992, gzip total:37051464, curr size:650096, gzip curr:126844, curr path:Amazon_(company), curr freq:1056
464. total size:206345646, gzip total:37131456, curr size:382654, gzip curr:79992, curr path:Shivaji, curr freq:1054
465. total size:206636037, gzip total:37192256, curr size:290391, gzip curr:60800, curr path:Neil_Peart, curr freq:1053
466. total size:206731263, gzip total:37214423, curr size:95226, gzip curr:22167, curr path:Mehcad_Brooks, curr freq:1050
467. total size:207557221, gzip total:37364303, curr size:825958, gzip curr:149880, curr path:Stephen_Hawking, curr freq:1047
468. total size:208209444, gzip total:37458247, curr size:652223, gzip curr:93944, curr path:List_of_highest-grossing_Indian_films, curr freq:1045
469. total size:208705448, gzip total:37551897, curr size:496004, gzip curr:93650, curr path:Darth_Vader, curr freq:1045
470. total size:209033840, gzip total:37616185, curr size:328392, gzip curr:64288, curr path:Nick_Kyrgios, curr freq:1045
471. total size:209918800, gzip total:37763434, curr size:884960, gzip curr:147249, curr path:William_Shakespeare, curr freq:1044
472. total size:210298378, gzip total:37833129, curr size:379578, gzip curr:69695, curr path:Super_Bowl_LIII, curr freq:1043
473. total size:210381963, gzip total:37853215, curr size:83585, gzip curr:20086, curr path:Frogmore_Cottage, curr freq:1041
474. total size:210449012, gzip total:37868641, curr size:67049, gzip curr:15426, curr path:Akanksha_Puri, curr freq:1041
475. total size:210817147, gzip total:37912719, curr size:368135, gzip curr:44078, curr path:Under-19_Cricket_World_Cup, curr freq:1041
476. total size:211509493, gzip total:38030967, curr size:692346, gzip curr:118248, curr path:Elizabeth_Warren, curr freq:1039
477. total size:211968196, gzip total:38120725, curr size:458703, gzip curr:89758, curr path:Academy_Awards, curr freq:1038
478. total size:212179184, gzip total:38155915, curr size:210988, gzip curr:35190, curr path:Circles_(Mac_Miller_album), curr freq:1038
479. total size:212437244, gzip total:38202292, curr size:258060, gzip curr:46377, curr path:Tyreek_Hill, curr freq:1037
480. total size:213022551, gzip total:38315149, curr size:585307, gzip curr:112857, curr path:Dolly_Parton, curr freq:1028
481. total size:213293504, gzip total:38365053, curr size:270953, gzip curr:49904, curr path:Tennessee_Titans, curr freq:1026
482. total size:214147764, gzip total:38504954, curr size:854260, gzip curr:139901, curr path:Priyanka_Chopra, curr freq:1024
483. total size:214214671, gzip total:38520989, curr size:66907, gzip curr:16035, curr path:Pantone_448_C, curr freq:1023
484. total size:214581957, gzip total:38588249, curr size:367286, gzip curr:67260, curr path:Matthew_McConaughey, curr freq:1022
485. total size:215439000, gzip total:38737446, curr size:857043, gzip curr:149197, curr path:Japan, curr freq:1022
486. total size:215650022, gzip total:38779097, curr size:211022, gzip curr:41651, curr path:Antony_Armstrong-Jones,_1st_Earl_of_Snowdon, curr freq:1022
487. total size:216150049, gzip total:38875664, curr size:500027, gzip curr:96567, curr path:Edward_VII, curr freq:1021
488. total size:216402011, gzip total:38924827, curr size:251962, gzip curr:49163, curr path:Tom_Hardy, curr freq:1020
489. total size:217013543, gzip total:39029470, curr size:611532, gzip curr:104643, curr path:Stranger_Things, curr freq:1018
490. total size:217071812, gzip total:39044394, curr size:58269, gzip curr:14924, curr path:Kedar_Williams-Stirling, curr freq:1018
491. total size:217270366, gzip total:39083443, curr size:198554, gzip curr:39049, curr path:Maleficent:_Mistress_of_Evil, curr freq:1016
492. total size:218046841, gzip total:39241910, curr size:776475, gzip curr:158467, curr path:Albert_Einstein, curr freq:1016
493. total size:218631628, gzip total:39345347, curr size:584787, gzip curr:103437, curr path:Tom_Hanks, curr freq:1011
494. total size:218768686, gzip total:39379225, curr size:137058, gzip curr:33878, curr path:Vikings_(season_6), curr freq:1007
495. total size:219263004, gzip total:39475949, curr size:494318, gzip curr:96724, curr path:Bruce_Lee, curr freq:1007
496. total size:219510835, gzip total:39522414, curr size:247831, gzip curr:46465, curr path:Ryan_Reynolds, curr freq:1004
497. total size:219640010, gzip total:39548460, curr size:129175, gzip curr:26046, curr path:Bad_Boys_(franchise), curr freq:1003
498. total size:219910381, gzip total:39596703, curr size:270371, gzip curr:48243, curr path:2019_in_film, curr freq:1002
499. total size:220328806, gzip total:39672991, curr size:418425, gzip curr:76288, curr path:Super_Bowl_XLVII, curr freq:1000
500. total size:220419897, gzip total:39693433, curr size:91091, gzip curr:20442, curr path:Find_My_iPhone, curr freq:999
501. total size:220627886, gzip total:39736278, curr size:207989, gzip curr:42845, curr path:Chinese_zodiac, curr freq:997
502. total size:221408811, gzip total:39875444, curr size:780925, gzip curr:139166, curr path:Ariana_Grande, curr freq:996
503. total size:221790331, gzip total:39932593, curr size:381520, gzip curr:57149, curr path:List_of_most-viewed_YouTube_videos, curr freq:994
504. total size:221968575, gzip total:39962533, curr size:178244, gzip curr:29940, curr path:2020_Pro_Bowl, curr freq:993
505. total size:222275739, gzip total:40016150, curr size:307164, gzip curr:53617, curr path:2020_in_film, curr freq:990
506. total size:222739368, gzip total:40098388, curr size:463629, gzip curr:82238, curr path:Harry_Potter_(film_series), curr freq:987
507. total size:223057326, gzip total:40163691, curr size:317958, gzip curr:65303, curr path:Michael_Palin, curr freq:986
508. total size:223512720, gzip total:40240382, curr size:455394, gzip curr:76691, curr path:Bong_Joon-ho, curr freq:985
509. total size:223647435, gzip total:40267293, curr size:134715, gzip curr:26911, curr path:NikkieTutorials, curr freq:983
510. total size:223898349, gzip total:40319771, curr size:250914, gzip curr:52478, curr path:Strawberry, curr freq:983
511. total size:224063165, gzip total:40354635, curr size:164816, gzip curr:34864, curr path:Gemini_Man_(film), curr freq:982
512. total size:224571168, gzip total:40457390, curr size:508003, gzip curr:102755, curr path:Tupac_Shakur, curr freq:982
513. total size:224652590, gzip total:40476764, curr size:81422, gzip curr:19374, curr path:Main_page, curr freq:982
514. total size:224906144, gzip total:40521736, curr size:253554, gzip curr:44972, curr path:Anthony_Pettis, curr freq:981
515. total size:225021810, gzip total:40545859, curr size:115666, gzip curr:24123, curr path:Spinning_Out, curr freq:981
516. total size:225259015, gzip total:40592967, curr size:237205, gzip curr:47108, curr path:Chris_Kyle, curr freq:980
517. total size:225962186, gzip total:40709093, curr size:703171, gzip curr:116126, curr path:Mitch_McConnell, curr freq:980
518. total size:226239068, gzip total:40750798, curr size:276882, gzip curr:41705, curr path:Ali_Carter, curr freq:980
519. total size:226477642, gzip total:40799162, curr size:238574, gzip curr:48364, curr path:Doctor_Sleep_(2019_film), curr freq:979
520. total size:227209168, gzip total:40931771, curr size:731526, gzip curr:132609, curr path:Justin_Bieber, curr freq:978
521. total size:227739379, gzip total:41029022, curr size:530211, gzip curr:97251, curr path:The_Pirate_Bay, curr freq:976
522. total size:228345199, gzip total:41082273, curr size:605820, gzip curr:53251, curr path:The_World's_Billionaires, curr freq:974
523. total size:228591849, gzip total:41131697, curr size:246650, gzip curr:49424, curr path:Lizzo, curr freq:969
524. total size:228674729, gzip total:41151166, curr size:82880, gzip curr:19469, curr path:Crystal_R._Fox, curr freq:969
525. total size:228824229, gzip total:41178438, curr size:149500, gzip curr:27272, curr path:UFC_Fight_Night:_Blaydes_vs._dos_Santos, curr freq:968
526. total size:228953054, gzip total:41205055, curr size:128825, gzip curr:26617, curr path:You_(season_1), curr freq:967
527. total size:229001191, gzip total:41218187, curr size:48137, gzip curr:13132, curr path:Jacob_Scipio, curr freq:965
528. total size:229349408, gzip total:41288658, curr size:348217, gzip curr:70471, curr path:Ruby_Ridge, curr freq:962
529. total size:229697341, gzip total:41350289, curr size:347933, gzip curr:61631, curr path:List_of_states_and_territories_of_the_United_States, curr freq:962
530. total size:230126771, gzip total:41421568, curr size:429430, gzip curr:71279, curr path:Amy_Klobuchar, curr freq:961
531. total size:230500240, gzip total:41498878, curr size:373469, gzip curr:77310, curr path:Martin_Sheen, curr freq:961
532. total size:231887097, gzip total:41767820, curr size:1386857, gzip curr:268942, curr path:Israel, curr freq:960
533. total size:232480831, gzip total:41872265, curr size:593734, gzip curr:104445, curr path:WhatsApp, curr freq:960
534. total size:233720806, gzip total:42084242, curr size:1239975, gzip curr:211977, curr path:BTS_(band), curr freq:959
535. total size:234032705, gzip total:42142338, curr size:311899, gzip curr:58096, curr path:Tyler_Perry, curr freq:959
536. total size:234252916, gzip total:42187157, curr size:220211, gzip curr:44819, curr path:Larry_David, curr freq:957
537. total size:235047356, gzip total:42336180, curr size:794440, gzip curr:149023, curr path:Arnold_Schwarzenegger, curr freq:956
538. total size:235296677, gzip total:42393174, curr size:249321, gzip curr:56994, curr path:I_Have_a_Dream, curr freq:955
539. total size:235495771, gzip total:42432467, curr size:199094, gzip curr:39293, curr path:Luke_Perry, curr freq:954
540. total size:236117045, gzip total:42542568, curr size:621274, gzip curr:110101, curr path:List_of_American_films_of_2020, curr freq:954
541. total size:236993894, gzip total:42699056, curr size:876849, gzip curr:156488, curr path:Germany, curr freq:950
542. total size:237085210, gzip total:42721020, curr size:91316, gzip curr:21964, curr path:Bala_(2019_film), curr freq:950
543. total size:237507936, gzip total:42797995, curr size:422726, gzip curr:76975, curr path:Constitution_of_India, curr freq:943
544. total size:237806553, gzip total:42856203, curr size:298617, gzip curr:58208, curr path:Mark_Wahlberg, curr freq:941
545. total size:238433867, gzip total:42971997, curr size:627314, gzip curr:115794, curr path:Robin_Williams, curr freq:939
546. total size:238655660, gzip total:43019117, curr size:221793, gzip curr:47120, curr path:Jack_Black, curr freq:939
547. total size:238807325, gzip total:43050943, curr size:151665, gzip curr:31826, curr path:The_Good_Place_(season_4), curr freq:939
548. total size:239319373, gzip total:43156823, curr size:512048, gzip curr:105880, curr path:Harriet_Tubman, curr freq:933
549. total size:239656380, gzip total:43214399, curr size:337007, gzip curr:57576, curr path:Pirates_of_the_Caribbean_(film_series), curr freq:933
550. total size:239759432, gzip total:43237593, curr size:103052, gzip curr:23194, curr path:Pat_Cipollone, curr freq:932
551. total size:240062542, gzip total:43291251, curr size:303110, gzip curr:53658, curr path:Vikings_(2013_TV_series), curr freq:932
552. total size:240124750, gzip total:43306842, curr size:62208, gzip curr:15591, curr path:Paola_Núñez, curr freq:931
553. total size:240194654, gzip total:43323627, curr size:69904, gzip curr:16785, curr path:Troop_Zero, curr freq:930
554. total size:240633044, gzip total:43406062, curr size:438390, gzip curr:82435, curr path:Kim_Kardashian, curr freq:930
555. total size:241696182, gzip total:43605445, curr size:1063138, gzip curr:199383, curr path:The_Holocaust, curr freq:929
556. total size:242224411, gzip total:43701884, curr size:528229, gzip curr:96439, curr path:Pneumonia, curr freq:926
557. total size:243717352, gzip total:43951262, curr size:1492941, gzip curr:249378, curr path:Marvel_Cinematic_Universe, curr freq:926
558. total size:243773000, gzip total:43965629, curr size:55648, gzip curr:14367, curr path:Kamiyah_Mobley, curr freq:926
559. total size:243980710, gzip total:44012041, curr size:207710, gzip curr:46412, curr path:Fred_Willard, curr freq:924
560. total size:244047799, gzip total:44027970, curr size:67089, gzip curr:15929, curr path:Elizabeth_Lail, curr freq:923
561. total size:244219317, gzip total:44058962, curr size:171518, gzip curr:30992, curr path:List_of_Knowing_Bros_episodes, curr freq:922
562. total size:244683234, gzip total:44146432, curr size:463917, gzip curr:87470, curr path:Fred_Rogers, curr freq:920
563. total size:245021156, gzip total:44215036, curr size:337922, gzip curr:68604, curr path:Taj_Mahal, curr freq:919
564. total size:245302254, gzip total:44263516, curr size:281098, gzip curr:48480, curr path:Fleabag, curr freq:918
565. total size:245650134, gzip total:44328921, curr size:347880, gzip curr:65405, curr path:Kristen_Bell, curr freq:917
566. total size:245914951, gzip total:44383908, curr size:264817, gzip curr:54987, curr path:Louisa_May_Alcott, curr freq:915
567. total size:246402678, gzip total:44468459, curr size:487727, gzip curr:84551, curr path:New_England_Patriots, curr freq:913
568. total size:246959518, gzip total:44574072, curr size:556840, gzip curr:105613, curr path:Mike_Tyson, curr freq:913
569. total size:248310085, gzip total:44768772, curr size:1350567, gzip curr:194700, curr path:Novak_Djokovic, curr freq:911
570. total size:248614066, gzip total:44828197, curr size:303981, gzip curr:59425, curr path:Robert_Kraft, curr freq:910
571. total size:249083832, gzip total:44911601, curr size:469766, gzip curr:83404, curr path:Nick_Jonas, curr freq:910
572. total size:249197878, gzip total:44937104, curr size:114046, gzip curr:25503, curr path:Dabangg_3, curr freq:910
573. total size:249818122, gzip total:45057643, curr size:620244, gzip curr:120539, curr path:Malcolm_X, curr freq:908
574. total size:250737096, gzip total:45218928, curr size:918974, gzip curr:161285, curr path:New_Zealand, curr freq:905
575. total size:250999538, gzip total:45271132, curr size:262442, gzip curr:52204, curr path:Adam_Sandler, curr freq:900
576. total size:251152703, gzip total:45299269, curr size:153165, gzip curr:28137, curr path:UFC_247, curr freq:900
577. total size:251428395, gzip total:45359021, curr size:275692, gzip curr:59752, curr path:Zodiac_Killer, curr freq:894
578. total size:251551854, gzip total:45380776, curr size:123459, gzip curr:21755, curr path:List_of_most-followed_Instagram_accounts, curr freq:893
579. total size:251807747, gzip total:45427938, curr size:255893, gzip curr:47162, curr path:Rohit_Sharma, curr freq:893
580. total size:253262540, gzip total:45665955, curr size:1454793, gzip curr:238017, curr path:Joe_Biden, curr freq:892
581. total size:253630955, gzip total:45739039, curr size:368415, gzip curr:73084, curr path:Hank_Azaria, curr freq:890
582. total size:253720627, gzip total:45759812, curr size:89672, gzip curr:20773, curr path:Black_and_Blue_(2019_film), curr freq:889
583. total size:253788611, gzip total:45777096, curr size:67984, gzip curr:17284, curr path:Lauren_Sánchez, curr freq:887
584. total size:253913333, gzip total:45800697, curr size:124722, gzip curr:23601, curr path:Dragon_Ball_Z:_Kakarot, curr freq:887
585. total size:254158469, gzip total:45845205, curr size:245136, gzip curr:44508, curr path:Eugene_Levy, curr freq:886
586. total size:254980705, gzip total:46002369, curr size:822236, gzip curr:157164, curr path:South_Africa, curr freq:883
587. total size:255545320, gzip total:46110840, curr size:564615, gzip curr:108471, curr path:Shakira, curr freq:882
588. total size:255798688, gzip total:46163194, curr size:253368, gzip curr:52354, curr path:Resident_Evil, curr freq:882
589. total size:256283846, gzip total:46249352, curr size:485158, gzip curr:86158, curr path:Watchmen_(TV_series), curr freq:881
590. total size:256787503, gzip total:46343568, curr size:503657, gzip curr:94216, curr path:Gwyneth_Paltrow, curr freq:879
591. total size:258147769, gzip total:46607332, curr size:1360266, gzip curr:263764, curr path:Vietnam_War, curr freq:877
592. total size:258676811, gzip total:46710943, curr size:529042, gzip curr:103611, curr path:Marilyn_Monroe, curr freq:877
593. total size:258773824, gzip total:46732804, curr size:97013, gzip curr:21861, curr path:Sindika_Dokolo, curr freq:875
594. total size:259474788, gzip total:46887002, curr size:700964, gzip curr:154198, curr path:Generation_Z, curr freq:874
595. total size:260139050, gzip total:47003667, curr size:664262, gzip curr:116665, curr path:Google_Chrome, curr freq:872
596. total size:260384707, gzip total:47047175, curr size:245657, gzip curr:43508, curr path:Tones_and_I, curr freq:871
597. total size:261132701, gzip total:47171078, curr size:747994, gzip curr:123903, curr path:Danica_Patrick, curr freq:870
598. total size:261298588, gzip total:47203531, curr size:165887, gzip curr:32453, curr path:Rashami_Desai, curr freq:868
599. total size:261402709, gzip total:47229342, curr size:104121, gzip curr:25811, curr path:Pilot_fish, curr freq:864
600. total size:261696206, gzip total:47278378, curr size:293497, gzip curr:49036, curr path:Phoebe_Waller-Bridge, curr freq:862
601. total size:261940233, gzip total:47335431, curr size:244027, gzip curr:57053, curr path:Seven_deadly_sins, curr freq:861
602. total size:262185049, gzip total:47376242, curr size:244816, gzip curr:40811, curr path:Travis_Kelce, curr freq:859
603. total size:262563815, gzip total:47439597, curr size:378766, gzip curr:63355, curr path:Jamie_Foxx, curr freq:859
604. total size:263200267, gzip total:47562346, curr size:636452, gzip curr:122749, curr path:Bill_Gates, curr freq:857
605. total size:263923400, gzip total:47702571, curr size:723133, gzip curr:140225, curr path:Charlie_Chaplin, curr freq:855
606. total size:264071488, gzip total:47732380, curr size:148088, gzip curr:29809, curr path:AJ_and_the_Queen, curr freq:854
607. total size:264383873, gzip total:47784462, curr size:312385, gzip curr:52082, curr path:Greta_Gerwig, curr freq:853
608. total size:264500010, gzip total:47807256, curr size:116137, gzip curr:22794, curr path:Luis_Rojas_(baseball), curr freq:853
609. total size:264779781, gzip total:47869365, curr size:279771, gzip curr:62109, curr path:HTTP_cookie, curr freq:852
610. total size:265074889, gzip total:47925805, curr size:295108, gzip curr:56440, curr path:Tom_Steyer, curr freq:852
611. total size:265152408, gzip total:47944466, curr size:77519, gzip curr:18661, curr path:Mr._Peanut, curr freq:848
612. total size:265374025, gzip total:47994190, curr size:221617, gzip curr:49724, curr path:Eric_Idle, curr freq:847
613. total size:265786653, gzip total:48068962, curr size:412628, gzip curr:74772, curr path:Star_Wars:_The_Clone_Wars_(2008_TV_series), curr freq:844
614. total size:265954067, gzip total:48105469, curr size:167414, gzip curr:36507, curr path:Us_(2019_film), curr freq:844
615. total size:266178575, gzip total:48153717, curr size:224508, gzip curr:48248, curr path:Henry_V_of_England, curr freq:843
616. total size:266442130, gzip total:48213171, curr size:263555, gzip curr:59454, curr path:62nd_Annual_Grammy_Awards, curr freq:842
617. total size:266579308, gzip total:48245225, curr size:137178, gzip curr:32054, curr path:Mia_Khalifa, curr freq:842
618. total size:267109660, gzip total:48312182, curr size:530352, gzip curr:66957, curr path:2017_NFL_Draft, curr freq:841
619. total size:267350176, gzip total:48357509, curr size:240516, gzip curr:45327, curr path:Blake_Lively, curr freq:841
620. total size:267532278, gzip total:48383724, curr size:182102, gzip curr:26215, curr path:List_of_The_Good_Place_episodes, curr freq:839
621. total size:268062796, gzip total:48479866, curr size:530518, gzip curr:96142, curr path:National_Football_League, curr freq:839
622. total size:268293092, gzip total:48528519, curr size:230296, gzip curr:48653, curr path:Pornhub, curr freq:835
623. total size:268819041, gzip total:48630158, curr size:525949, gzip curr:101639, curr path:Ricky_Martin, curr freq:835
624. total size:269129362, gzip total:48687742, curr size:310321, gzip curr:57584, curr path:Lucifer_(TV_series), curr freq:831
625. total size:269494418, gzip total:48758166, curr size:365056, gzip curr:70424, curr path:Kylie_Jenner, curr freq:829
626. total size:269617939, gzip total:48781500, curr size:123521, gzip curr:23334, curr path:Raquel_Pennington, curr freq:827
627. total size:270453267, gzip total:48948973, curr size:835328, gzip curr:167473, curr path:Alexander_Hamilton, curr freq:826
628. total size:270540323, gzip total:48970295, curr size:87056, gzip curr:21322, curr path:Jose_Baez_(lawyer), curr freq:823
629. total size:270736659, gzip total:49007576, curr size:196336, gzip curr:37281, curr path:Nate_Diaz, curr freq:822
630. total size:271429505, gzip total:49150626, curr size:692846, gzip curr:143050, curr path:RMS_Titanic, curr freq:822
631. total size:272353796, gzip total:49304225, curr size:924291, gzip curr:153599, curr path:Martin_Scorsese, curr freq:822
632. total size:272655715, gzip total:49366204, curr size:301919, gzip curr:61979, curr path:Charlie_Sheen, curr freq:822
633. total size:273010816, gzip total:49441929, curr size:355101, gzip curr:75725, curr path:Anne_Frank, curr freq:819
634. total size:273302062, gzip total:49480703, curr size:291246, gzip curr:38774, curr path:Windows_10_version_history, curr freq:818
635. total size:273492393, gzip total:49517322, curr size:190331, gzip curr:36619, curr path:Jason_Garrett, curr freq:818
636. total size:274143994, gzip total:49620304, curr size:651601, gzip curr:102982, curr path:Jürgen_Klopp, curr freq:818
637. total size:274485993, gzip total:49675725, curr size:341999, gzip curr:55421, curr path:Joe_Burrow, curr freq:818
638. total size:274596146, gzip total:49700961, curr size:110153, gzip curr:25236, curr path:6_Underground_(film), curr freq:817
639. total size:274962413, gzip total:49770985, curr size:366267, gzip curr:70024, curr path:Super_Bowl_XLV, curr freq:817
640. total size:275481424, gzip total:49862624, curr size:519011, gzip curr:91639, curr path:Bradley_Cooper, curr freq:817
641. total size:275730719, gzip total:49909520, curr size:249295, gzip curr:46896, curr path:Val_Demings, curr freq:816
642. total size:275861479, gzip total:49942982, curr size:130760, gzip curr:33462, curr path:Website, curr freq:815
643. total size:276554117, gzip total:50075148, curr size:692638, gzip curr:132166, curr path:Bible, curr freq:815
